1533667452713	geckodriver	INFO	geckodriver 0.21.0
1533667452721	geckodriver	INFO	Listening on 127.0.0.1:56233
1533667453761	mozrunner::runner	INFO	Running command: "/usr/bin/firefox" "-marionette" "-foreground" "-no-remote" "-profile" "/tmp/rust_mozprofile.Ymhw61rs7Uzz"
1533667469782	Marionette	INFO	Listening on port 34893
1533667469865	Marionette	WARN	TLS certificate errors will be ignored for this session
1533669791086	geckodriver	INFO	geckodriver 0.21.0
1533669791142	geckodriver	INFO	Listening on 127.0.0.1:55527
1533669792066	mozrunner::runner	INFO	Running command: "/usr/bin/firefox" "-marionette" "-foreground" "-no-remote" "-profile" "/tmp/rust_mozprofile.xFgHherI8zL7"
1533669801829	Marionette	INFO	Listening on port 46395
1533669802091	Marionette	WARN	TLS certificate errors will be ignored for this session
1533669802161	addons.xpi	WARN	Exception running bootstrap method shutdown on activity-stream@mozilla.org: [Exception... "Component returned failure code: 0x80004005 (NS_ERROR_FAILURE) [nsIObserverService.removeObserver]"  nsresult: "0x80004005 (NS_ERROR_FAILURE)"  location: "JS frame :: resource://activity-stream/lib/TelemetryFeed.jsm :: uninit :: line 493"  data: no] Stack trace: uninit()@resource://activity-stream/lib/TelemetryFeed.jsm:493
onAction()@resource://activity-stream/lib/TelemetryFeed.jsm:451
_middleware/</<()@resource://activity-stream/lib/Store.jsm:51
Store/this[method]()@resource://activity-stream/lib/Store.jsm:29
uninit()@resource://activity-stream/lib/Store.jsm:170
uninit()@resource://activity-stream/lib/ActivityStream.jsm:318
uninit()@resource://gre/modules/addons/XPIProvider.jsm -> jar:file:///usr/lib/firefox/browser/features/activity-stream@mozilla.org.xpi!/bootstrap.js:79
shutdown()@resource://gre/modules/addons/XPIProvider.jsm -> jar:file:///usr/lib/firefox/browser/features/activity-stream@mozilla.org.xpi!/bootstrap.js:187
callBootstrapMethod()@resource://gre/modules/addons/XPIProvider.jsm:2757
observe()@resource://gre/modules/addons/XPIProvider.jsm:1672
GeckoDriver.prototype.quit()@driver.js:3282
despatch()@server.js:294
execute()@server.js:268
onPacket/<()@server.js:243
onPacket()@server.js:242
_onJSONObjectReady/<()@transport.js:500
[Parent 18371, Gecko_IOThread] WARNING: pipe error (56): Connection reset by peer: file /build/firefox-oscv9o/firefox-61.0.1+build1/ipc/chromium/src/chrome/common/ipc_channel_posix.cc, line 353
console.error: PushService: 
  clearOriginData: Error clearing origin data:
  UnknownError
console.error: PushService: 
  clearOriginData: Error clearing origin data:
  UnknownError
console.error: PushService: 
  stateChangeProcessEnqueue: Error transitioning state
  UnknownError

###!!! [Parent][DispatchAsyncMessage] Error: PBackgroundIDBFactory::Msg_PBackgroundIDBFactoryRequestConstructor Value error: message was deserialized, but contained an illegal value


###!!! [Parent][DispatchAsyncMessage] Error: PBackgroundIDBFactory::Msg_PBackgroundIDBFactoryRequestConstructor Value error: message was deserialized, but contained an illegal value

*** UTM:SVC TimerManager:registerTimer called after profile-before-change notification. Ignoring timer registration for id: telemetry_modules_ping
1533669925350	geckodriver	INFO	geckodriver 0.21.0
1533669925355	geckodriver	INFO	Listening on 127.0.0.1:34335
1533669926371	mozrunner::runner	INFO	Running command: "/usr/bin/firefox" "-marionette" "-foreground" "-no-remote" "-profile" "/tmp/rust_mozprofile.ga1r71Naih60"
1533669929573	Marionette	INFO	Listening on port 33775
1533669929581	Marionette	WARN	TLS certificate errors will be ignored for this session
1533669932665	addons.xpi	WARN	Exception running bootstrap method shutdown on activity-stream@mozilla.org: [Exception... "Component returned failure code: 0x80004005 (NS_ERROR_FAILURE) [nsIObserverService.removeObserver]"  nsresult: "0x80004005 (NS_ERROR_FAILURE)"  location: "JS frame :: resource://activity-stream/lib/TelemetryFeed.jsm :: uninit :: line 493"  data: no] Stack trace: uninit()@resource://activity-stream/lib/TelemetryFeed.jsm:493
onAction()@resource://activity-stream/lib/TelemetryFeed.jsm:451
_middleware/</<()@resource://activity-stream/lib/Store.jsm:51
Store/this[method]()@resource://activity-stream/lib/Store.jsm:29
uninit()@resource://activity-stream/lib/Store.jsm:170
uninit()@resource://activity-stream/lib/ActivityStream.jsm:318
uninit()@resource://gre/modules/addons/XPIProvider.jsm -> jar:file:///usr/lib/firefox/browser/features/activity-stream@mozilla.org.xpi!/bootstrap.js:79
shutdown()@resource://gre/modules/addons/XPIProvider.jsm -> jar:file:///usr/lib/firefox/browser/features/activity-stream@mozilla.org.xpi!/bootstrap.js:187
callBootstrapMethod()@resource://gre/modules/addons/XPIProvider.jsm:2757
observe()@resource://gre/modules/addons/XPIProvider.jsm:1672
GeckoDriver.prototype.quit()@driver.js:3282
despatch()@server.js:294
execute()@server.js:268
onPacket/<()@server.js:243
onPacket()@server.js:242
_onJSONObjectReady/<()@transport.js:500
[Parent 18770, Gecko_IOThread] WARNING: pipe error (69): Connection reset by peer: file /build/firefox-oscv9o/firefox-61.0.1+build1/ipc/chromium/src/chrome/common/ipc_channel_posix.cc, line 353
*** UTM:SVC TimerManager:registerTimer called after profile-before-change notification. Ignoring timer registration for id: telemetry_modules_ping
1533669964362	geckodriver	INFO	geckodriver 0.21.0
1533669964367	geckodriver	INFO	Listening on 127.0.0.1:54813
1533669965372	mozrunner::runner	INFO	Running command: "/usr/bin/firefox" "-marionette" "-foreground" "-no-remote" "-profile" "/tmp/rust_mozprofile.diHPaVCLz4Gd"
1533669968289	Marionette	INFO	Listening on port 45657
1533669968381	Marionette	WARN	TLS certificate errors will be ignored for this session
1533669971030	addons.xpi	WARN	Exception running bootstrap method shutdown on activity-stream@mozilla.org: [Exception... "Component returned failure code: 0x80004005 (NS_ERROR_FAILURE) [nsIObserverService.removeObserver]"  nsresult: "0x80004005 (NS_ERROR_FAILURE)"  location: "JS frame :: resource://activity-stream/lib/TelemetryFeed.jsm :: uninit :: line 493"  data: no] Stack trace: uninit()@resource://activity-stream/lib/TelemetryFeed.jsm:493
onAction()@resource://activity-stream/lib/TelemetryFeed.jsm:451
_middleware/</<()@resource://activity-stream/lib/Store.jsm:51
Store/this[method]()@resource://activity-stream/lib/Store.jsm:29
uninit()@resource://activity-stream/lib/Store.jsm:170
uninit()@resource://activity-stream/lib/ActivityStream.jsm:318
uninit()@resource://gre/modules/addons/XPIProvider.jsm -> jar:file:///usr/lib/firefox/browser/features/activity-stream@mozilla.org.xpi!/bootstrap.js:79
shutdown()@resource://gre/modules/addons/XPIProvider.jsm -> jar:file:///usr/lib/firefox/browser/features/activity-stream@mozilla.org.xpi!/bootstrap.js:187
callBootstrapMethod()@resource://gre/modules/addons/XPIProvider.jsm:2757
observe()@resource://gre/modules/addons/XPIProvider.jsm:1672
GeckoDriver.prototype.quit()@driver.js:3282
despatch()@server.js:294
execute()@server.js:268
onPacket/<()@server.js:243
onPacket()@server.js:242
_onJSONObjectReady/<()@transport.js:500
[Parent 19035, Gecko_IOThread] WARNING: pipe error (56): Connection reset by peer: file /build/firefox-oscv9o/firefox-61.0.1+build1/ipc/chromium/src/chrome/common/ipc_channel_posix.cc, line 353
*** UTM:SVC TimerManager:registerTimer called after profile-before-change notification. Ignoring timer registration for id: telemetry_modules_ping
1533669984101	geckodriver	INFO	geckodriver 0.21.0
1533669984106	geckodriver	INFO	Listening on 127.0.0.1:51285
1533669985111	mozrunner::runner	INFO	Running command: "/usr/bin/firefox" "-marionette" "-foreground" "-no-remote" "-profile" "/tmp/rust_mozprofile.4eNoDgUzeY4d"
1533669988121	Marionette	INFO	Listening on port 39521
1533669988236	Marionette	WARN	TLS certificate errors will be ignored for this session
[Parent 19250, Gecko_IOThread] WARNING: pipe error (62): Connection reset by peer: file /build/firefox-oscv9o/firefox-61.0.1+build1/ipc/chromium/src/chrome/common/ipc_channel_posix.cc, line 353
*** UTM:SVC TimerManager:registerTimer called after profile-before-change notification. Ignoring timer registration for id: telemetry_modules_ping
1533670010604	geckodriver	INFO	geckodriver 0.21.0
1533670010608	geckodriver	INFO	Listening on 127.0.0.1:54817
1533670011612	mozrunner::runner	INFO	Running command: "/usr/bin/firefox" "-marionette" "-foreground" "-no-remote" "-profile" "/tmp/rust_mozprofile.DrAgDkUS9uDa"
1533670014505	Marionette	INFO	Listening on port 37709
1533670014527	Marionette	WARN	TLS certificate errors will be ignored for this session
*** UTM:SVC TimerManager:registerTimer called after profile-before-change notification. Ignoring timer registration for id: telemetry_modules_ping
1533670052723	geckodriver	INFO	geckodriver 0.21.0
1533670052729	geckodriver	INFO	Listening on 127.0.0.1:44803
1533670053737	mozrunner::runner	INFO	Running command: "/usr/bin/firefox" "-marionette" "-foreground" "-no-remote" "-profile" "/tmp/rust_mozprofile.kICjIQFBe9lw"
1533670056860	Marionette	INFO	Listening on port 41523
1533670056951	Marionette	WARN	TLS certificate errors will be ignored for this session
[Parent 19741, Gecko_IOThread] WARNING: pipe error (62): Connection reset by peer: file /build/firefox-oscv9o/firefox-61.0.1+build1/ipc/chromium/src/chrome/common/ipc_channel_posix.cc, line 353
*** UTM:SVC TimerManager:registerTimer called after profile-before-change notification. Ignoring timer registration for id: telemetry_modules_ping
1533670076702	geckodriver	INFO	geckodriver 0.21.0
1533670076707	geckodriver	INFO	Listening on 127.0.0.1:46881
1533670077713	mozrunner::runner	INFO	Running command: "/usr/bin/firefox" "-marionette" "-foreground" "-no-remote" "-profile" "/tmp/rust_mozprofile.fdHMAdjNCqdz"
1533670080643	Marionette	INFO	Listening on port 42003
1533670080726	Marionette	WARN	TLS certificate errors will be ignored for this session
[Parent 19966, Gecko_IOThread] WARNING: pipe error (69): Connection reset by peer: file /build/firefox-oscv9o/firefox-61.0.1+build1/ipc/chromium/src/chrome/common/ipc_channel_posix.cc, line 353
*** UTM:SVC TimerManager:registerTimer called after profile-before-change notification. Ignoring timer registration for id: telemetry_modules_ping
1533670129150	geckodriver	INFO	geckodriver 0.21.0
1533670129155	geckodriver	INFO	Listening on 127.0.0.1:46807
1533670130162	mozrunner::runner	INFO	Running command: "/usr/bin/firefox" "-marionette" "-foreground" "-no-remote" "-profile" "/tmp/rust_mozprofile.cxjmHXKPi1M4"
1533670133303	Marionette	INFO	Listening on port 33443
1533670133371	Marionette	WARN	TLS certificate errors will be ignored for this session
*** UTM:SVC TimerManager:registerTimer called after profile-before-change notification. Ignoring timer registration for id: telemetry_modules_ping
1533670145388	geckodriver	INFO	geckodriver 0.21.0
1533670145393	geckodriver	INFO	Listening on 127.0.0.1:49421
1533670146399	mozrunner::runner	INFO	Running command: "/usr/bin/firefox" "-marionette" "-foreground" "-no-remote" "-profile" "/tmp/rust_mozprofile.dDhO6PVqIRCM"
1533670149499	Marionette	INFO	Listening on port 33983
1533670149515	Marionette	WARN	TLS certificate errors will be ignored for this session
1533670151982	addons.xpi	WARN	Exception running bootstrap method shutdown on activity-stream@mozilla.org: [Exception... "Component returned failure code: 0x80004005 (NS_ERROR_FAILURE) [nsIObserverService.removeObserver]"  nsresult: "0x80004005 (NS_ERROR_FAILURE)"  location: "JS frame :: resource://activity-stream/lib/TelemetryFeed.jsm :: uninit :: line 493"  data: no] Stack trace: uninit()@resource://activity-stream/lib/TelemetryFeed.jsm:493
onAction()@resource://activity-stream/lib/TelemetryFeed.jsm:451
_middleware/</<()@resource://activity-stream/lib/Store.jsm:51
Store/this[method]()@resource://activity-stream/lib/Store.jsm:29
uninit()@resource://activity-stream/lib/Store.jsm:170
uninit()@resource://activity-stream/lib/ActivityStream.jsm:318
uninit()@resource://gre/modules/addons/XPIProvider.jsm -> jar:file:///usr/lib/firefox/browser/features/activity-stream@mozilla.org.xpi!/bootstrap.js:79
shutdown()@resource://gre/modules/addons/XPIProvider.jsm -> jar:file:///usr/lib/firefox/browser/features/activity-stream@mozilla.org.xpi!/bootstrap.js:187
callBootstrapMethod()@resource://gre/modules/addons/XPIProvider.jsm:2757
observe()@resource://gre/modules/addons/XPIProvider.jsm:1672
GeckoDriver.prototype.quit()@driver.js:3282
despatch()@server.js:294
execute()@server.js:268
onPacket/<()@server.js:243
onPacket()@server.js:242
_onJSONObjectReady/<()@transport.js:500
JavaScript error: jar:file:///usr/lib/firefox/omni.ja!/components/nsUrlClassifierListManager.js, line 589: TypeError: this.tablesData[table] is undefined
*** UTM:SVC TimerManager:registerTimer called after profile-before-change notification. Ignoring timer registration for id: telemetry_modules_ping
1533670322198	geckodriver	INFO	geckodriver 0.21.0
1533670322203	geckodriver	INFO	Listening on 127.0.0.1:42097
1533670323208	mozrunner::runner	INFO	Running command: "/usr/bin/firefox" "-marionette" "-foreground" "-no-remote" "-profile" "/tmp/rust_mozprofile.1iBZlKdXuFXk"
1533670326125	Marionette	INFO	Listening on port 37841
1533670326234	Marionette	WARN	TLS certificate errors will be ignored for this session
*** UTM:SVC TimerManager:registerTimer called after profile-before-change notification. Ignoring timer registration for id: telemetry_modules_ping
1533670405923	geckodriver	INFO	geckodriver 0.21.0
1533670405928	geckodriver	INFO	Listening on 127.0.0.1:56189
1533670406936	mozrunner::runner	INFO	Running command: "/usr/bin/firefox" "-marionette" "-foreground" "-no-remote" "-profile" "/tmp/rust_mozprofile.NjXDeiH6vLUl"
1533670410470	Marionette	INFO	Listening on port 46171
1533670410545	Marionette	WARN	TLS certificate errors will be ignored for this session
[Parent 21264, Gecko_IOThread] WARNING: pipe error (71): Connection reset by peer: file /build/firefox-oscv9o/firefox-61.0.1+build1/ipc/chromium/src/chrome/common/ipc_channel_posix.cc, line 353
*** UTM:SVC TimerManager:registerTimer called after profile-before-change notification. Ignoring timer registration for id: telemetry_modules_ping
1533670449404	geckodriver	INFO	geckodriver 0.21.0
1533670449409	geckodriver	INFO	Listening on 127.0.0.1:33095
1533670450416	mozrunner::runner	INFO	Running command: "/usr/bin/firefox" "-marionette" "-foreground" "-no-remote" "-profile" "/tmp/rust_mozprofile.oDe7r0yJffmJ"
1533670453139	Marionette	INFO	Listening on port 38679
1533670453226	Marionette	WARN	TLS certificate errors will be ignored for this session
1533670455913	addons.xpi	WARN	Exception running bootstrap method shutdown on activity-stream@mozilla.org: [Exception... "Component returned failure code: 0x80004005 (NS_ERROR_FAILURE) [nsIObserverService.removeObserver]"  nsresult: "0x80004005 (NS_ERROR_FAILURE)"  location: "JS frame :: resource://activity-stream/lib/TelemetryFeed.jsm :: uninit :: line 493"  data: no] Stack trace: uninit()@resource://activity-stream/lib/TelemetryFeed.jsm:493
onAction()@resource://activity-stream/lib/TelemetryFeed.jsm:451
_middleware/</<()@resource://activity-stream/lib/Store.jsm:51
Store/this[method]()@resource://activity-stream/lib/Store.jsm:29
uninit()@resource://activity-stream/lib/Store.jsm:170
uninit()@resource://activity-stream/lib/ActivityStream.jsm:318
uninit()@resource://gre/modules/addons/XPIProvider.jsm -> jar:file:///usr/lib/firefox/browser/features/activity-stream@mozilla.org.xpi!/bootstrap.js:79
shutdown()@resource://gre/modules/addons/XPIProvider.jsm -> jar:file:///usr/lib/firefox/browser/features/activity-stream@mozilla.org.xpi!/bootstrap.js:187
callBootstrapMethod()@resource://gre/modules/addons/XPIProvider.jsm:2757
observe()@resource://gre/modules/addons/XPIProvider.jsm:1672
GeckoDriver.prototype.quit()@driver.js:3282
despatch()@server.js:294
execute()@server.js:268
onPacket/<()@server.js:243
onPacket()@server.js:242
_onJSONObjectReady/<()@transport.js:500
*** UTM:SVC TimerManager:registerTimer called after profile-before-change notification. Ignoring timer registration for id: telemetry_modules_ping
1533670560644	geckodriver	INFO	geckodriver 0.21.0
1533670560648	geckodriver	INFO	Listening on 127.0.0.1:58789
1533670561657	mozrunner::runner	INFO	Running command: "/usr/bin/firefox" "-marionette" "-foreground" "-no-remote" "-profile" "/tmp/rust_mozprofile.EKL8UaKDyjW3"
1533670564580	Marionette	INFO	Listening on port 40595
1533670564684	Marionette	WARN	TLS certificate errors will be ignored for this session
[Parent 21827, Gecko_IOThread] WARNING: pipe error (62): Connection reset by peer: file /build/firefox-oscv9o/firefox-61.0.1+build1/ipc/chromium/src/chrome/common/ipc_channel_posix.cc, line 353
*** UTM:SVC TimerManager:registerTimer called after profile-before-change notification. Ignoring timer registration for id: telemetry_modules_ping
1533670687317	geckodriver	INFO	geckodriver 0.21.0
1533670687322	geckodriver	INFO	Listening on 127.0.0.1:42711
1533670688330	mozrunner::runner	INFO	Running command: "/usr/bin/firefox" "-marionette" "-foreground" "-no-remote" "-profile" "/tmp/rust_mozprofile.MlIllhewqh3A"
1533670691452	Marionette	INFO	Listening on port 37755
1533670691553	Marionette	WARN	TLS certificate errors will be ignored for this session
[Parent 22167, Gecko_IOThread] WARNING: pipe error (63): Connection reset by peer: file /build/firefox-oscv9o/firefox-61.0.1+build1/ipc/chromium/src/chrome/common/ipc_channel_posix.cc, line 353
*** UTM:SVC TimerManager:registerTimer called after profile-before-change notification. Ignoring timer registration for id: telemetry_modules_ping
1533670796050	geckodriver	INFO	geckodriver 0.21.0
1533670796054	geckodriver	INFO	Listening on 127.0.0.1:59085
1533670797058	mozrunner::runner	INFO	Running command: "/usr/bin/firefox" "-marionette" "-foreground" "-no-remote" "-profile" "/tmp/rust_mozprofile.29o9EmOVFLR0"
1533670800009	Marionette	INFO	Listening on port 46707
1533670800074	Marionette	WARN	TLS certificate errors will be ignored for this session
[Parent 22515, Gecko_IOThread] WARNING: pipe error (62): Connection reset by peer: file /build/firefox-oscv9o/firefox-61.0.1+build1/ipc/chromium/src/chrome/common/ipc_channel_posix.cc, line 353
*** UTM:SVC TimerManager:registerTimer called after profile-before-change notification. Ignoring timer registration for id: telemetry_modules_ping
1533670811535	geckodriver	INFO	geckodriver 0.21.0
1533670811539	geckodriver	INFO	Listening on 127.0.0.1:54899
1533670812546	mozrunner::runner	INFO	Running command: "/usr/bin/firefox" "-marionette" "-foreground" "-no-remote" "-profile" "/tmp/rust_mozprofile.PVWHoiVYGxV4"
1533670815338	Marionette	INFO	Listening on port 46653
1533670815353	Marionette	WARN	TLS certificate errors will be ignored for this session
1533670818117	addons.xpi	WARN	Exception running bootstrap method shutdown on activity-stream@mozilla.org: [Exception... "Component returned failure code: 0x80004005 (NS_ERROR_FAILURE) [nsIObserverService.removeObserver]"  nsresult: "0x80004005 (NS_ERROR_FAILURE)"  location: "JS frame :: resource://activity-stream/lib/TopStoriesFeed.jsm :: uninit :: line 76"  data: no] Stack trace: uninit()@resource://activity-stream/lib/TopStoriesFeed.jsm:76
onAction()@resource://activity-stream/lib/TopStoriesFeed.jsm:465
_middleware/</<()@resource://activity-stream/lib/Store.jsm:51
Store/this[method]()@resource://activity-stream/lib/Store.jsm:29
uninit()@resource://activity-stream/lib/Store.jsm:170
uninit()@resource://activity-stream/lib/ActivityStream.jsm:318
uninit()@resource://gre/modules/addons/XPIProvider.jsm -> jar:file:///usr/lib/firefox/browser/features/activity-stream@mozilla.org.xpi!/bootstrap.js:79
shutdown()@resource://gre/modules/addons/XPIProvider.jsm -> jar:file:///usr/lib/firefox/browser/features/activity-stream@mozilla.org.xpi!/bootstrap.js:187
callBootstrapMethod()@resource://gre/modules/addons/XPIProvider.jsm:2757
observe()@resource://gre/modules/addons/XPIProvider.jsm:1672
GeckoDriver.prototype.quit()@driver.js:3282
despatch()@server.js:294
execute()@server.js:268
onPacket/<()@server.js:243
onPacket()@server.js:242
_onJSONObjectReady/<()@transport.js:500
[Parent 22751, Gecko_IOThread] WARNING: pipe error (62): Connection reset by peer: file /build/firefox-oscv9o/firefox-61.0.1+build1/ipc/chromium/src/chrome/common/ipc_channel_posix.cc, line 353
*** UTM:SVC TimerManager:registerTimer called after profile-before-change notification. Ignoring timer registration for id: telemetry_modules_ping
1533670856418	geckodriver	INFO	geckodriver 0.21.0
1533670856423	geckodriver	INFO	Listening on 127.0.0.1:60689
1533670857431	mozrunner::runner	INFO	Running command: "/usr/bin/firefox" "-marionette" "-foreground" "-no-remote" "-profile" "/tmp/rust_mozprofile.9KGRbkdJ9nxL"
1533670860490	Marionette	INFO	Listening on port 45285
1533670860546	Marionette	WARN	TLS certificate errors will be ignored for this session
[Parent 22992, Gecko_IOThread] WARNING: pipe error (69): Connection reset by peer: file /build/firefox-oscv9o/firefox-61.0.1+build1/ipc/chromium/src/chrome/common/ipc_channel_posix.cc, line 353
*** UTM:SVC TimerManager:registerTimer called after profile-before-change notification. Ignoring timer registration for id: telemetry_modules_ping
1533670889889	geckodriver	INFO	geckodriver 0.21.0
1533670889893	geckodriver	INFO	Listening on 127.0.0.1:55549
1533670890902	mozrunner::runner	INFO	Running command: "/usr/bin/firefox" "-marionette" "-foreground" "-no-remote" "-profile" "/tmp/rust_mozprofile.x0MIT0BoealZ"
1533670893900	Marionette	INFO	Listening on port 40221
1533670893910	Marionette	WARN	TLS certificate errors will be ignored for this session
1533670897045	addons.xpi	WARN	Exception running bootstrap method shutdown on activity-stream@mozilla.org: [Exception... "Component returned failure code: 0x80004005 (NS_ERROR_FAILURE) [nsIObserverService.removeObserver]"  nsresult: "0x80004005 (NS_ERROR_FAILURE)"  location: "JS frame :: resource://activity-stream/lib/TelemetryFeed.jsm :: uninit :: line 493"  data: no] Stack trace: uninit()@resource://activity-stream/lib/TelemetryFeed.jsm:493
onAction()@resource://activity-stream/lib/TelemetryFeed.jsm:451
_middleware/</<()@resource://activity-stream/lib/Store.jsm:51
Store/this[method]()@resource://activity-stream/lib/Store.jsm:29
uninit()@resource://activity-stream/lib/Store.jsm:170
uninit()@resource://activity-stream/lib/ActivityStream.jsm:318
uninit()@resource://gre/modules/addons/XPIProvider.jsm -> jar:file:///usr/lib/firefox/browser/features/activity-stream@mozilla.org.xpi!/bootstrap.js:79
shutdown()@resource://gre/modules/addons/XPIProvider.jsm -> jar:file:///usr/lib/firefox/browser/features/activity-stream@mozilla.org.xpi!/bootstrap.js:187
callBootstrapMethod()@resource://gre/modules/addons/XPIProvider.jsm:2757
observe()@resource://gre/modules/addons/XPIProvider.jsm:1672
GeckoDriver.prototype.quit()@driver.js:3282
despatch()@server.js:294
execute()@server.js:268
onPacket/<()@server.js:243
onPacket()@server.js:242
_onJSONObjectReady/<()@transport.js:500
[Parent 23232, Gecko_IOThread] WARNING: pipe error (74): Connection reset by peer: file /build/firefox-oscv9o/firefox-61.0.1+build1/ipc/chromium/src/chrome/common/ipc_channel_posix.cc, line 353
*** UTM:SVC TimerManager:registerTimer called after profile-before-change notification. Ignoring timer registration for id: telemetry_modules_ping
1533670925117	geckodriver	INFO	geckodriver 0.21.0
1533670925122	geckodriver	INFO	Listening on 127.0.0.1:57225
1533670926130	mozrunner::runner	INFO	Running command: "/usr/bin/firefox" "-marionette" "-foreground" "-no-remote" "-profile" "/tmp/rust_mozprofile.hJa1jaxf9ffJ"
1533670929017	Marionette	INFO	Listening on port 36141
1533670929040	Marionette	WARN	TLS certificate errors will be ignored for this session
[Parent 23462, Gecko_IOThread] WARNING: pipe error (71): Connection reset by peer: file /build/firefox-oscv9o/firefox-61.0.1+build1/ipc/chromium/src/chrome/common/ipc_channel_posix.cc, line 353
*** UTM:SVC TimerManager:registerTimer called after profile-before-change notification. Ignoring timer registration for id: telemetry_modules_ping
1533670973474	geckodriver	INFO	geckodriver 0.21.0
1533670973478	geckodriver	INFO	Listening on 127.0.0.1:33387
1533670974486	mozrunner::runner	INFO	Running command: "/usr/bin/firefox" "-marionette" "-foreground" "-no-remote" "-profile" "/tmp/rust_mozprofile.X5uCX2rCtRLY"
1533670977395	Marionette	INFO	Listening on port 41741
1533670977495	Marionette	WARN	TLS certificate errors will be ignored for this session
*** UTM:SVC TimerManager:registerTimer called after profile-before-change notification. Ignoring timer registration for id: telemetry_modules_ping
1533671000731	geckodriver	INFO	geckodriver 0.21.0
1533671000736	geckodriver	INFO	Listening on 127.0.0.1:51877
1533671001741	mozrunner::runner	INFO	Running command: "/usr/bin/firefox" "-marionette" "-foreground" "-no-remote" "-profile" "/tmp/rust_mozprofile.IzkYGAD4655b"
1533671005167	Marionette	INFO	Listening on port 43375
1533671005252	Marionette	WARN	TLS certificate errors will be ignored for this session
*** UTM:SVC TimerManager:registerTimer called after profile-before-change notification. Ignoring timer registration for id: telemetry_modules_ping
1533671136399	geckodriver	INFO	geckodriver 0.21.0
1533671136403	geckodriver	INFO	Listening on 127.0.0.1:59385
1533671137409	mozrunner::runner	INFO	Running command: "/usr/bin/firefox" "-marionette" "-foreground" "-no-remote" "-profile" "/tmp/rust_mozprofile.BCf3M7TGtc1k"
1533671140415	Marionette	INFO	Listening on port 44283
1533671140424	Marionette	WARN	TLS certificate errors will be ignored for this session
[Parent 24402, Gecko_IOThread] WARNING: pipe error (62): Connection reset by peer: file /build/firefox-oscv9o/firefox-61.0.1+build1/ipc/chromium/src/chrome/common/ipc_channel_posix.cc, line 353
*** UTM:SVC TimerManager:registerTimer called after profile-before-change notification. Ignoring timer registration for id: telemetry_modules_ping
1533671320031	geckodriver	INFO	geckodriver 0.21.0
1533671320035	geckodriver	INFO	Listening on 127.0.0.1:51575
1533671321044	mozrunner::runner	INFO	Running command: "/usr/bin/firefox" "-marionette" "-foreground" "-no-remote" "-profile" "/tmp/rust_mozprofile.JVrQCrRUQny1"
1533671323970	Marionette	INFO	Listening on port 36079
1533671324060	Marionette	WARN	TLS certificate errors will be ignored for this session
[Parent 24836, Gecko_IOThread] WARNING: pipe error (62): Connection reset by peer: file /build/firefox-oscv9o/firefox-61.0.1+build1/ipc/chromium/src/chrome/common/ipc_channel_posix.cc, line 353
*** UTM:SVC TimerManager:registerTimer called after profile-before-change notification. Ignoring timer registration for id: telemetry_modules_ping
1533671396078	geckodriver	INFO	geckodriver 0.21.0
1533671396083	geckodriver	INFO	Listening on 127.0.0.1:38061
1533671397087	mozrunner::runner	INFO	Running command: "/usr/bin/firefox" "-marionette" "-foreground" "-no-remote" "-profile" "/tmp/rust_mozprofile.UVy2U4fc1Ihr"
1533671400602	Marionette	INFO	Listening on port 38333
1533671400707	Marionette	WARN	TLS certificate errors will be ignored for this session
[Parent 25138, Gecko_IOThread] WARNING: pipe error (69): Connection reset by peer: file /build/firefox-oscv9o/firefox-61.0.1+build1/ipc/chromium/src/chrome/common/ipc_channel_posix.cc, line 353
*** UTM:SVC TimerManager:registerTimer called after profile-before-change notification. Ignoring timer registration for id: telemetry_modules_ping
1533671415527	geckodriver	INFO	geckodriver 0.21.0
1533671415531	geckodriver	INFO	Listening on 127.0.0.1:42797
1533671416540	mozrunner::runner	INFO	Running command: "/usr/bin/firefox" "-marionette" "-foreground" "-no-remote" "-profile" "/tmp/rust_mozprofile.YHUGC3SlqYhl"
1533671419690	Marionette	INFO	Listening on port 36139
1533671419750	Marionette	WARN	TLS certificate errors will be ignored for this session
*** UTM:SVC TimerManager:registerTimer called after profile-before-change notification. Ignoring timer registration for id: telemetry_modules_ping
